<?xml version="1.0" encoding="UTF-8"?>
<testng-results ignored="0" total="1" passed="1" failed="0" skipped="0">
  <reporter-output>
  </reporter-output>
  <suite started-at="2024-12-08T20:54:57 GMT+07:00" name="AutomationTests" finished-at="2024-12-08T20:56:11 GMT+07:00" duration-ms="73946">
    <groups>
    </groups>
    <test started-at="2024-12-08T20:54:57 GMT+07:00" name="KPOS Tests" finished-at="2024-12-08T20:56:11 GMT+07:00" duration-ms="73946">
      <class name="testcase.KPOS.Promotion.KM_hanghoa_giamgiahang01">
        <test-method is-config="true" signature="beforeClass()[pri:0, instance:testcase.KPOS.Promotion.KM_hanghoa_giamgiahang01@1ce24091]" started-at="2024-12-08T20:54:57 GMT+07:00" name="beforeClass" finished-at="2024-12-08T20:55:02 GMT+07:00" duration-ms="5107" status="PASS">
          <reporter-output>
          </reporter-output>
        </test-method> <!-- beforeClass -->
        <test-method signature="TC01_KM_hanghoa_giamgiahang_theosl()[pri:0, instance:testcase.KPOS.Promotion.KM_hanghoa_giamgiahang01@1ce24091]" started-at="2024-12-08T20:55:02 GMT+07:00" name="TC01_KM_hanghoa_giamgiahang_theosl" finished-at="2024-12-08T20:56:10 GMT+07:00" duration-ms="68275" status="PASS">
          <reporter-output>
          </reporter-output>
        </test-method> <!-- TC01_KM_hanghoa_giamgiahang_theosl -->
        <test-method is-config="true" signature="afterClass()[pri:0, instance:testcase.KPOS.Promotion.KM_hanghoa_giamgiahang01@1ce24091]" started-at="2024-12-08T20:56:10 GMT+07:00" name="afterClass" finished-at="2024-12-08T20:56:11 GMT+07:00" duration-ms="536" status="PASS">
          <reporter-output>
          </reporter-output>
        </test-method> <!-- afterClass -->
      </class> <!-- testcase.KPOS.Promotion.KM_hanghoa_giamgiahang01 -->
    </test> <!-- KPOS Tests -->
  </suite> <!-- AutomationTests -->
</testng-results>
