<?xml version="1.0" encoding="UTF-8"?>
<testsuite xmlns:xsi="http://www.w3.org/2001/XMLSchema-instance" xsi:noNamespaceSchemaLocation="https://maven.apache.org/surefire/maven-surefire-plugin/xsd/surefire-test-report-3.0.xsd" version="3.0" name="TestSuite" time="74.285" tests="1" errors="0" skipped="0" failures="0">
  <properties>
[...]
</properties>
  <testcase name="TC01_KM_hanghoa_giamgiahang_theosl" classname="testcase.KPOS.Promotion.KM_hanghoa_giamgiahang01" time="68.276">
    <system-out><![CDATA[Step 1: Clicking on the Username field.
Step 3: Clicking on the Password field.
Step 4: Entering Password.
Step 5: Clicking on the Login button.
Login process completed successfully.
Actual Text: 33.500
Verification passed: So tien chinh xác '33.500'.
Sent text '10' to element with barcode: 22SPAUTO
Hóa đơn: KP010718954
Successfully clicked on promo box for barcode: 22SPAUTO
ElementClickInterceptedException: element click intercepted: Element <div class="show-pr-detail" row="0" style="">...</div> is not clickable at point (349, 235). Other element would receive the click: <div class="show-pr-detail" row="0">...</div>
  (Session info: chrome=131.0.6778.109)
Build info: version: '3.141.59', revision: 'e82be7d358', time: '2018-11-14T08:17:03'
System info: host: 'DESKTOP-H91P481', ip: '192.168.50.189', os.name: 'Windows 11', os.arch: 'amd64', os.version: '10.0', java.version: '23'
Driver info: org.openqa.selenium.chrome.ChromeDriver
Capabilities {acceptInsecureCerts: false, browserName: chrome, browserVersion: 131.0.6778.109, chrome: {chromedriverVersion: 131.0.6778.87 (ce31cae94873..., userDataDir: C:\Users\HOAIBAO\AppData\Lo...}, fedcm:accounts: true, goog:chromeOptions: {debuggerAddress: localhost:62497}, javascriptEnabled: true, networkConnectionEnabled: false, pageLoadStrategy: normal, platform: WINDOWS, platformName: WINDOWS, proxy: Proxy(), setWindowRect: true, strictFileInteractability: false, timeouts: {implicit: 0, pageLoad: 300000, script: 30000}, unhandledPromptBehavior: dismiss and notify, webauthn:extension:credBlob: true, webauthn:extension:largeBlob: true, webauthn:extension:minPinLength: true, webauthn:extension:prf: true, webauthn:virtualAuthenticators: true}
Session ID: 8ce5c2244f0ca584e49c765095b60a22
Đơn giá '33,500'. Verification passed.
Đơn giá '43,500'. Verification passed.
Tổng số lượng '11'. Verification passed.
Khách cần trả '368,500'. Verification passed.
Giảm tiền lẻ '500'. Verification passed.
Tiền khách đưa '368,000'. Verification passed.
]]></system-out>
    <system-err><![CDATA[SLF4J: Failed to load class "org.slf4j.impl.StaticLoggerBinder".
SLF4J: Defaulting to no-operation (NOP) logger implementation
SLF4J: See http://www.slf4j.org/codes.html#StaticLoggerBinder for further details.
Starting ChromeDriver 131.0.6778.87 (ce31cae9487357cfd3bd62984ed5250121a71a23-refs/branch-heads/6778@{#2287}) on port 20105
Only local connections are allowed.
Please see https://chromedriver.chromium.org/security-considerations for suggestions on keeping ChromeDriver safe.
ChromeDriver was started successfully on port 20105.
Dec 08, 2024 8:54:58 PM org.openqa.selenium.remote.ProtocolHandshake createSession
INFO: Detected dialect: W3C
Dec 08, 2024 8:55:02 PM io.appium.java_client.remote.AppiumCommandExecutor$1 lambda$0
INFO: Detected dialect: W3C
]]></system-err>
  </testcase>
</testsuite>